\BOOKMARK [0][-]{chapter.1}{\376\377\000A\000b\000o\000u\000t}{}% 1
\BOOKMARK [1][-]{section.1.1}{\376\377\000U\000s\000a\000g\000e}{chapter.1}% 2
\BOOKMARK [1][-]{section.1.2}{\376\377\000R\000e\000n\000d\000e\000r\000\040\000b\000o\000o\000k}{chapter.1}% 3
\BOOKMARK [1][-]{section.1.3}{\376\377\000P\000r\000e\000v\000i\000e\000w\000\040\000b\000o\000o\000k}{chapter.1}% 4
\BOOKMARK [0][-]{chapter.2}{\376\377\000H\000e\000l\000l\000o\000\040\000b\000o\000o\000k\000d\000o\000w\000n}{}% 5
\BOOKMARK [1][-]{section.2.1}{\376\377\000A\000\040\000s\000e\000c\000t\000i\000o\000n}{chapter.2}% 6
\BOOKMARK [0][-]{chapter.3}{\376\377\000C\000r\000o\000s\000s\000-\000r\000e\000f\000e\000r\000e\000n\000c\000e\000s}{}% 7
\BOOKMARK [1][-]{section.3.1}{\376\377\000C\000h\000a\000p\000t\000e\000r\000s\000\040\000a\000n\000d\000\040\000s\000u\000b\000-\000c\000h\000a\000p\000t\000e\000r\000s}{chapter.3}% 8
\BOOKMARK [1][-]{section.3.2}{\376\377\000C\000a\000p\000t\000i\000o\000n\000e\000d\000\040\000f\000i\000g\000u\000r\000e\000s\000\040\000a\000n\000d\000\040\000t\000a\000b\000l\000e\000s}{chapter.3}% 9
\BOOKMARK [0][-]{chapter.4}{\376\377\000P\000a\000r\000t\000s}{}% 10
\BOOKMARK [0][-]{chapter.5}{\376\377\000F\000o\000o\000t\000n\000o\000t\000e\000s\000\040\000a\000n\000d\000\040\000c\000i\000t\000a\000t\000i\000o\000n\000s}{}% 11
\BOOKMARK [1][-]{section.5.1}{\376\377\000F\000o\000o\000t\000n\000o\000t\000e\000s}{chapter.5}% 12
\BOOKMARK [1][-]{section.5.2}{\376\377\000C\000i\000t\000a\000t\000i\000o\000n\000s}{chapter.5}% 13
\BOOKMARK [0][-]{chapter.6}{\376\377\000B\000l\000o\000c\000k\000s}{}% 14
\BOOKMARK [1][-]{section.6.1}{\376\377\000E\000q\000u\000a\000t\000i\000o\000n\000s}{chapter.6}% 15
\BOOKMARK [1][-]{section.6.2}{\376\377\000T\000h\000e\000o\000r\000e\000m\000s\000\040\000a\000n\000d\000\040\000p\000r\000o\000o\000f\000s}{chapter.6}% 16
\BOOKMARK [1][-]{section.6.3}{\376\377\000C\000a\000l\000l\000o\000u\000t\000\040\000b\000l\000o\000c\000k\000s}{chapter.6}% 17
\BOOKMARK [0][-]{chapter.7}{\376\377\000S\000h\000a\000r\000i\000n\000g\000\040\000y\000o\000u\000r\000\040\000b\000o\000o\000k}{}% 18
\BOOKMARK [1][-]{section.7.1}{\376\377\000P\000u\000b\000l\000i\000s\000h\000i\000n\000g}{chapter.7}% 19
\BOOKMARK [1][-]{section.7.2}{\376\377\0004\0000\0004\000\040\000p\000a\000g\000e\000s}{chapter.7}% 20
\BOOKMARK [1][-]{section.7.3}{\376\377\000M\000e\000t\000a\000d\000a\000t\000a\000\040\000f\000o\000r\000\040\000s\000h\000a\000r\000i\000n\000g}{chapter.7}% 21
\BOOKMARK [0][-]{chapter.8}{\376\377\000N\000e\000w\000\040\000C\000h\000a\000p\000t\000e\000r\000\040\0008}{}% 22
\BOOKMARK [1][-]{section.8.1}{\376\377\000A\000\040\000s\000e\000c\000t\000i\000o\000n}{chapter.8}% 23
